[   17148ms] [ERROR] A tree hydrated but some attributes of the server rendered HTML didn't match the client properties. This won't be patched up. This can happen if a SSR-ed Client Component used:

- A server/client branch `if (typeof window !== 'undefined')`.
- Variable input such as `Date.now()` or `Math.random()` which changes each time it's called.
- Date formatting in a user's locale which doesn't match the server.
- External changing data without sending a snapshot of it along with the HTML.
- Invalid HTML tag nesting.

It can also happen if the client has a browser extension installed which messes with the HTML before React loaded.

%s%s https://react.dev/link/hydration-mismatch 

  ...
    <PopperProvider scope={{Popper:[...]}} anchor={null} onAnchorChange={function bound dispatchSetState}>
      <PopoverProvider scope={undefined} contentId="radix-_R_1..." triggerRef={{current:null}} open={false} ...>
        <PopoverTrigger asChild={true}>
          <PopperAnchor asChild={true} __scopePopper={{Popper:[...]}}>
            <Primitive.div asChild={true} ref={function}>
              <Primitive.div.Slot ref={function}>
                <Primitive.div.SlotClone ref={function}>
                  <Primitive.button type="button" aria-haspopup="dialog" aria-expanded={false} ...>
                    <Primitive.button.Slot type="button" aria-haspopup="dialog" aria-expanded={false} ...>
                      <Primitive.button.SlotClone type="button" aria-haspopup="dialog" aria-expanded={false} ...>
                        <div className="relative f..." type="button" aria-haspopup="dialog" aria-expanded={false} ...>
                          <Search>
                          <form onSubmit={function handleSearchSubmit}>
                            <_c ref={{current:null}} type="search" placeholder="Search tas..." className="pl-9 pr-20..." ...>
                              <input
                                type="search"
                                className="flex h-9 rounded-md border border-input bg-transparent px-3 py-1 text-base ..."
                                ref={{current:null}}
                                placeholder="Search tasks, notes, ideas..."
                                value=""
                                onChange={function handleSearchChange}
                                onFocus={function onFocus}
-                               style={{caret-color:"transparent"}}
                              >
                          ...
        ...
 @ http://localhost:3000/_next/static/chunks/node_modules_next_dist_b0daae9a._.js:2359
