[    3244ms] [ERROR] A tree hydrated but some attributes of the server rendered HTML didn't match the client properties. This won't be patched up. This can happen if a SSR-ed Client Component used:

- A server/client branch `if (typeof window !== 'undefined')`.
- Variable input such as `Date.now()` or `Math.random()` which changes each time it's called.
- Date formatting in a user's locale which doesn't match the server.
- External changing data without sending a snapshot of it along with the HTML.
- Invalid HTML tag nesting.

It can also happen if the client has a browser extension installed which messes with the HTML before React loaded.

%s%s https://react.dev/link/hydration-mismatch 

  ...
    <header className="sticky top...">
      <_c>
      <Popover open={false} onOpenChange={function bound dispatchSetState}>
        <Popper __scopePopper={{Popper:[...]}}>
          <PopperProvider scope={{Popper:[...]}} anchor={null} onAnchorChange={function bound dispatchSetState}>
            <PopoverProvider scope={undefined} contentId="radix-_R_9..." triggerRef={{current:null}} open={false} ...>
              <PopoverTrigger asChild={true}>
                <PopperAnchor asChild={true} __scopePopper={{Popper:[...]}}>
                  <Primitive.div asChild={true} ref={function}>
                    <Primitive.div.Slot ref={function}>
                      <Primitive.div.SlotClone ref={function}>
                        <Primitive.button type="button" aria-haspopup="dialog" aria-expanded={false} ...>
                          <Primitive.button.Slot type="button" aria-haspopup="dialog" aria-expanded={false} ...>
                            <Primitive.button.SlotClone type="button" aria-haspopup="dialog" aria-expanded={false} ...>
                              <div
                                className="relative flex-1 max-w-md"
                                type="button"
                                aria-haspopup="dialog"
                                aria-expanded={false}
+                               aria-controls="radix-_R_9snelb_"
-                               aria-controls="radix-_R_17knelb_"
                                data-state="closed"
                                onClick={function handleEvent}
                                ref={function}
                              >
              ...
      ...
        <MenuProvider scope={{Menu:[...], ...}} onClose={function Menu.useCallback} isUsingKeyboardRef={{current:false}} ...>
          <DropdownMenuTrigger asChild={true}>
            <MenuAnchor asChild={true} __scopeMenu={{Menu:[...], ...}}>
              <PopperAnchor __scopePopper={{Menu:[...], ...}} asChild={true} ref={null}>
                <Primitive.div asChild={true} ref={function}>
                  <Primitive.div.Slot ref={function}>
                    <Primitive.div.SlotClone ref={function}>
                      <Primitive.button type="button" id="radix-_R_3..." aria-haspopup="menu" aria-expanded={false} ...>
                        <Primitive.button.Slot type="button" id="radix-_R_3..." aria-haspopup="menu" ...>
                          <Primitive.button.SlotClone type="button" id="radix-_R_3..." aria-haspopup="menu" ...>
                            <_c variant="ghost" className="relative h..." type="button" id="radix-_R_3..." ...>
                              <button
                                className={"inline-flex items-center justify-center gap-2 whitespace-nowrap text-sm f..."}
                                ref={function}
                                type="button"
+                               id="radix-_R_3dsnelb_"
-                               id="radix-_R_dnknelb_"
                                aria-haspopup="menu"
                                aria-expanded={false}
                                aria-controls={undefined}
                                data-state="closed"
                                data-disabled={undefined}
                                disabled={false}
                                onPointerDown={function handleEvent}
                                onKeyDown={function handleEvent}
                              >
          ...
 @ http://localhost:3000/_next/static/chunks/node_modules_next_dist_b0daae9a._.js:2359
