[    2251ms] [ERROR] %c << query #1 %cpreferences.get%c %O 
    background-color: #3fb0d8;
    color: white;
    padding: 2px;
   
    background-color: #3fb0d8;
    color: white;
    padding: 2px;
  ; font-weight: bold; 
    background-color: #3fb0d8;
    color: white;
    padding: 2px;
  ; font-weight: normal; {input: undefined, result: TRPCClientError: Failed to fetch
    at TRPCClientError.from (http://localhost:3000/_next/static/ch…, elapsedMs: 3484, context: Object} @ http://localhost:3000/_next/static/chunks/node_modules_next_dist_b0daae9a._.js:2359
[    2252ms] [ERROR] %c << query #2 %ctasks.getUrgentCount%c %O 
    background-color: #3fb0d8;
    color: white;
    padding: 2px;
   
    background-color: #3fb0d8;
    color: white;
    padding: 2px;
  ; font-weight: bold; 
    background-color: #3fb0d8;
    color: white;
    padding: 2px;
  ; font-weight: normal; {input: undefined, result: TRPCClientError: Failed to fetch
    at TRPCClientError.from (http://localhost:3000/_next/static/ch…, elapsedMs: 3484, context: Object} @ http://localhost:3000/_next/static/chunks/node_modules_next_dist_b0daae9a._.js:2359
[    2252ms] [ERROR] %c << query #3 %cinbox.getCount%c %O 
    background-color: #3fb0d8;
    color: white;
    padding: 2px;
   
    background-color: #3fb0d8;
    color: white;
    padding: 2px;
  ; font-weight: bold; 
    background-color: #3fb0d8;
    color: white;
    padding: 2px;
  ; font-weight: normal; {input: undefined, result: TRPCClientError: Failed to fetch
    at TRPCClientError.from (http://localhost:3000/_next/static/ch…, elapsedMs: 3483, context: Object} @ http://localhost:3000/_next/static/chunks/node_modules_next_dist_b0daae9a._.js:2359
[    2252ms] [ERROR] %c << query #4 %csuggestions.getCount%c %O 
    background-color: #3fb0d8;
    color: white;
    padding: 2px;
   
    background-color: #3fb0d8;
    color: white;
    padding: 2px;
  ; font-weight: bold; 
    background-color: #3fb0d8;
    color: white;
    padding: 2px;
  ; font-weight: normal; {input: undefined, result: TRPCClientError: Failed to fetch
    at TRPCClientError.from (http://localhost:3000/_next/static/ch…, elapsedMs: 3482, context: Object} @ http://localhost:3000/_next/static/chunks/node_modules_next_dist_b0daae9a._.js:2359
[    2252ms] [ERROR] %c << query #5 %cdaily.getDailyView%c %O 
    background-color: #3fb0d8;
    color: white;
    padding: 2px;
   
    background-color: #3fb0d8;
    color: white;
    padding: 2px;
  ; font-weight: bold; 
    background-color: #3fb0d8;
    color: white;
    padding: 2px;
  ; font-weight: normal; {input: Object, result: TRPCClientError: Failed to fetch
    at TRPCClientError.from (http://localhost:3000/_next/static/ch…, elapsedMs: 3482, context: Object} @ http://localhost:3000/_next/static/chunks/node_modules_next_dist_b0daae9a._.js:2359
[    2252ms] [ERROR] %c << query #6 %ctasks.getYesterdaysUnfinished%c %O 
    background-color: #3fb0d8;
    color: white;
    padding: 2px;
   
    background-color: #3fb0d8;
    color: white;
    padding: 2px;
  ; font-weight: bold; 
    background-color: #3fb0d8;
    color: white;
    padding: 2px;
  ; font-weight: normal; {input: undefined, result: TRPCClientError: Failed to fetch
    at TRPCClientError.from (http://localhost:3000/_next/static/ch…, elapsedMs: 3297, context: Object} @ http://localhost:3000/_next/static/chunks/node_modules_next_dist_b0daae9a._.js:2359
