[   10465ms] [ERROR] A tree hydrated but some attributes of the server rendered HTML didn't match the client properties. This won't be patched up. This can happen if a SSR-ed Client Component used:

- A server/client branch `if (typeof window !== 'undefined')`.
- Variable input such as `Date.now()` or `Math.random()` which changes each time it's called.
- Date formatting in a user's locale which doesn't match the server.
- External changing data without sending a snapshot of it along with the HTML.
- Invalid HTML tag nesting.

It can also happen if the client has a browser extension installed which messes with the HTML before React loaded.

%s%s https://react.dev/link/hydration-mismatch 

  ...
    <div className="flex flex-...">
      <Header>
        <header className="sticky top...">
          <_c>
          ...
            <PopoverProvider scope={undefined} contentId="radix-_R_9..." triggerRef={{current:null}} open={false} ...>
              <PopoverTrigger asChild={true}>
                <PopperAnchor asChild={true} __scopePopper={{Popper:[...]}}>
                  <Primitive.div asChild={true} ref={function}>
                    <Primitive.div.Slot ref={function}>
                      <Primitive.div.SlotClone ref={function}>
                        <Primitive.button type="button" aria-haspopup="dialog" aria-expanded={false} ...>
                          <Primitive.button.Slot type="button" aria-haspopup="dialog" aria-expanded={false} ...>
                            <Primitive.button.SlotClone type="button" aria-haspopup="dialog" aria-expanded={false} ...>
                              <div
                                className="relative flex-1 max-w-md"
                                type="button"
                                aria-haspopup="dialog"
                                aria-expanded={false}
+                               aria-controls="radix-_R_9snelb_"
-                               aria-controls="radix-_R_17knelb_"
                                data-state="closed"
                                onClick={function handleEvent}
                                ref={function}
                              >
                                <Search>
                                <form onSubmit={function handleSearchSubmit}>
                                  <_c ref={{current:null}} type="search" placeholder="Search tas..." ...>
                                    <input
                                      type="search"
                                      className="flex h-9 rounded-md border border-input bg-transparent px-3 py-1 text..."
                                      ref={{current:null}}
                                      placeholder="Search tasks, notes, ideas..."
                                      value=""
                                      onChange={function handleSearchChange}
                                      onFocus={function onFocus}
-                                     style={{caret-color:"transparent"}}
                                    >
                                ...
              ...
          ...
            <DropdownMenuTrigger asChild={true}>
              <MenuAnchor asChild={true} __scopeMenu={{Menu:[...], ...}}>
                <PopperAnchor __scopePopper={{Menu:[...], ...}} asChild={true} ref={null}>
                  <Primitive.div asChild={true} ref={function}>
                    <Primitive.div.Slot ref={function}>
                      <Primitive.div.SlotClone ref={function}>
                        <Primitive.button type="button" id="radix-_R_3..." aria-haspopup="menu" aria-expanded={false} ...>
                          <Primitive.button.Slot type="button" id="radix-_R_3..." aria-haspopup="menu" ...>
                            <Primitive.button.SlotClone type="button" id="radix-_R_3..." aria-haspopup="menu" ...>
                              <_c variant="ghost" className="relative h..." type="button" id="radix-_R_3..." ...>
                                <button
                                  className={"inline-flex items-center justify-center gap-2 whitespace-nowrap text-sm..."}
                                  ref={function}
                                  type="button"
+                                 id="radix-_R_3dsnelb_"
-                                 id="radix-_R_dnknelb_"
                                  aria-haspopup="menu"
                                  aria-expanded={false}
                                  aria-controls={undefined}
                                  data-state="closed"
                                  data-disabled={undefined}
                                  disabled={false}
                                  onPointerDown={function handleEvent}
                                  onKeyDown={function handleEvent}
                                >
            ...
      ...
        <HTTPAccessFallbackBoundary notFound={undefined} forbidden={undefined} unauthorized={undefined}>
          <RedirectBoundary>
            <RedirectErrorBoundary router={{...}}>
              <InnerLayoutRouter url="/dashboard..." tree={[...]} cacheNode={{lazyData:null, ...}} segmentPath={[...]}>
                <SegmentViewNode type="page" pagePath="dashboard/...">
                  <SegmentTrieNode>
                  <ClientPageRoot Component={function TemplatesPage} searchParams={{}} params={{}}>
                    <TemplatesPage params={Promise} searchParams={Promise}>
                      <div className="space-y-6">
                        ...
                          <Primitive.button type="button" aria-haspopup="dialog" aria-expanded={false} ...>
                            <Primitive.button.Slot type="button" aria-haspopup="dialog" aria-expanded={false} ...>
                              <Primitive.button.SlotClone type="button" aria-haspopup="dialog" aria-expanded={false} ...>
                                <_c className="gap-2" type="button" aria-haspopup="dialog" aria-expanded={false} ...>
                                  <button
                                    className={"inline-flex items-center justify-center whitespace-nowrap rounded-md ..."}
                                    ref={function}
                                    type="button"
                                    aria-haspopup="dialog"
                                    aria-expanded={false}
+                                   aria-controls="radix-_R_j5esnesnelb_"
-                                   aria-controls="radix-_R_2clritrknelb_"
                                    data-state="closed"
                                    onClick={function handleEvent}
                                  >
                        <div className="flex flex-...">
                          <div className="relative f...">
                            <Search>
                            <_c placeholder="Search tem..." value="" onChange={function onChange} className="pl-9">
                              <input
                                type={undefined}
                                className="flex h-9 w-full rounded-md border border-input bg-transparent px-3 py-1 tex..."
                                ref={null}
                                placeholder="Search templates..."
                                value=""
                                onChange={function onChange}
-                               style={{caret-color:"transparent"}}
                              >
                          ...
                            <Primitive.div.Slot ref={function}>
                              <Primitive.div.SlotClone ref={function}>
                                <Primitive.button type="button" role="combobox" aria-controls="radix-_R_l..." ...>
                                  <button
                                    type="button"
                                    role="combobox"
+                                   aria-controls="radix-_R_l5esnesnelb_"
-                                   aria-controls="radix-_R_2klritrknelb_"
                                    aria-expanded={false}
                                    aria-required={undefined}
                                    aria-autocomplete="none"
                                    dir="ltr"
                                    data-state="closed"
                                    disabled={false}
                                    data-disabled={undefined}
                                    data-placeholder={undefined}
                                    className={"flex h-10 items-center justify-between rounded-md border border-input..."}
                                    onClick={function handleEvent}
                                    onPointerDown={function handleEvent}
                                    onKeyDown={function handleEvent}
                                    ref={function}
                                  >
                        ...
                          <div dir="ltr" data-orientation="horizontal" className="space-y-4" ref={null}>
                            ...
                              <div role="tablist" aria-orientation="horizontal" className="inline-fle..." tabIndex={-1} ...>
                                ...
                                  <Primitive.span.Slot tabIndex={-1} data-orientation="horizontal" ...>
                                    <Primitive.span.SlotClone tabIndex={-1} data-orientation="horizontal" ...>
                                      <Primitive.button type="button" role="tab" aria-selected={true} ...>
                                        <button
                                          type="button"
                                          role="tab"
                                          aria-selected={true}
+                                         aria-controls="radix-_R_75esnesnelb_-content-my-templates"
-                                         aria-controls="radix-_R_slritrknelb_-content-my-templates"
                                          data-state="active"
                                          data-disabled={undefined}
                                          disabled={false}
+                                         id="radix-_R_75esnesnelb_-trigger-my-templates"
-                                         id="radix-_R_slritrknelb_-trigger-my-templates"
                                          className="inline-flex items-center justify-center whitespace-nowrap rounded..."
                                          onMouseDown={function}
                                          onKeyDown={function}
                                          onFocus={function}
                                          tabIndex={-1}
                                          data-orientation="horizontal"
                                          data-radix-collection-item=""
                                          ref={function}
                                        >
                                ...
                                  <Primitive.span.Slot tabIndex={-1} data-orientation="horizontal" ...>
                                    <Primitive.span.SlotClone tabIndex={-1} data-orientation="horizontal" ...>
                                      <Primitive.button type="button" role="tab" aria-selected={false} ...>
                                        <button
                                          type="button"
                                          role="tab"
                                          aria-selected={false}
+                                         aria-controls="radix-_R_75esnesnelb_-content-public-templates"
-                                         aria-controls="radix-_R_slritrknelb_-content-public-templates"
                                          data-state="inactive"
                                          data-disabled={undefined}
                                          disabled={false}
+                                         id="radix-_R_75esnesnelb_-trigger-public-templates"
-                                         id="radix-_R_slritrknelb_-trigger-public-templates"
                                          className="inline-flex items-center justify-center whitespace-nowrap rounded..."
                                          onMouseDown={function}
                                          onKeyDown={function}
                                          onFocus={function}
                                          tabIndex={-1}
                                          data-orientation="horizontal"
                                          data-radix-collection-item=""
                                          ref={function}
                                        >
                            <_c4 value="my-templates" className="space-y-4">
                              <TabsContent ref={null} className="mt-2 ring-..." value="my-templates">
                                <Presence present={true}>
                                  <Primitive.div data-state="active" data-orientation="horizontal" role="tabpanel" ...>
                                    <div
                                      data-state="active"
                                      data-orientation="horizontal"
                                      role="tabpanel"
+                                     aria-labelledby="radix-_R_75esnesnelb_-trigger-my-templates"
-                                     aria-labelledby="radix-_R_slritrknelb_-trigger-my-templates"
                                      hidden={false}
+                                     id="radix-_R_75esnesnelb_-content-my-templates"
-                                     id="radix-_R_slritrknelb_-content-my-templates"
                                      tabIndex={0}
                                      className="mt-2 ring-offset-background focus-visible:outline-none focus-visible:..."
                                      style={{animationDuration:"0s"}}
                                      ref={function}
                                    >
                            <_c4 value="public-tem..." className="space-y-4">
                              <TabsContent ref={null} className="mt-2 ring-..." value="public-tem...">
                                <Presence present={false}>
                                  <Primitive.div data-state="inactive" data-orientation="horizontal" role="tabpanel" ...>
                                    <div
                                      data-state="inactive"
                                      data-orientation="horizontal"
                                      role="tabpanel"
+                                     aria-labelledby="radix-_R_75esnesnelb_-trigger-public-templates"
-                                     aria-labelledby="radix-_R_slritrknelb_-trigger-public-templates"
                                      hidden={true}
+                                     id="radix-_R_75esnesnelb_-content-public-templates"
-                                     id="radix-_R_slritrknelb_-content-public-templates"
                                      tabIndex={0}
                                      className="mt-2 ring-offset-background focus-visible:outline-none focus-visible:..."
                                      style={{animationDuration:undefined}}
                                      ref={function}
                                    >
                ...
              ...
 @ http://localhost:3000/_next/static/chunks/node_modules_next_dist_b0daae9a._.js:2359
