[    9784ms] [ERROR] A tree hydrated but some attributes of the server rendered HTML didn't match the client properties. This won't be patched up. This can happen if a SSR-ed Client Component used:

- A server/client branch `if (typeof window !== 'undefined')`.
- Variable input such as `Date.now()` or `Math.random()` which changes each time it's called.
- Date formatting in a user's locale which doesn't match the server.
- External changing data without sending a snapshot of it along with the HTML.
- Invalid HTML tag nesting.

It can also happen if the client has a browser extension installed which messes with the HTML before React loaded.

%s%s https://react.dev/link/hydration-mismatch 

  ...
    <div className="flex flex-...">
      <Header>
        <header className="sticky top...">
          <_c>
          ...
            <PopoverProvider scope={undefined} contentId="radix-_R_9..." triggerRef={{current:null}} open={false} ...>
              <PopoverTrigger asChild={true}>
                <PopperAnchor asChild={true} __scopePopper={{Popper:[...]}}>
                  <Primitive.div asChild={true} ref={function}>
                    <Primitive.div.Slot ref={function}>
                      <Primitive.div.SlotClone ref={function}>
                        <Primitive.button type="button" aria-haspopup="dialog" aria-expanded={false} ...>
                          <Primitive.button.Slot type="button" aria-haspopup="dialog" aria-expanded={false} ...>
                            <Primitive.button.SlotClone type="button" aria-haspopup="dialog" aria-expanded={false} ...>
                              <div
                                className="relative flex-1 max-w-md"
                                type="button"
                                aria-haspopup="dialog"
                                aria-expanded={false}
+                               aria-controls="radix-_R_9snelb_"
-                               aria-controls="radix-_R_17knelb_"
                                data-state="closed"
                                onClick={function handleEvent}
                                ref={function}
                              >
              ...
          ...
            <DropdownMenuTrigger asChild={true}>
              <MenuAnchor asChild={true} __scopeMenu={{Menu:[...], ...}}>
                <PopperAnchor __scopePopper={{Menu:[...], ...}} asChild={true} ref={null}>
                  <Primitive.div asChild={true} ref={function}>
                    <Primitive.div.Slot ref={function}>
                      <Primitive.div.SlotClone ref={function}>
                        <Primitive.button type="button" id="radix-_R_3..." aria-haspopup="menu" aria-expanded={false} ...>
                          <Primitive.button.Slot type="button" id="radix-_R_3..." aria-haspopup="menu" ...>
                            <Primitive.button.SlotClone type="button" id="radix-_R_3..." aria-haspopup="menu" ...>
                              <_c variant="ghost" className="relative h..." type="button" id="radix-_R_3..." ...>
                                <button
                                  className={"inline-flex items-center justify-center gap-2 whitespace-nowrap text-sm..."}
                                  ref={function}
                                  type="button"
+                                 id="radix-_R_3dsnelb_"
-                                 id="radix-_R_dnknelb_"
                                  aria-haspopup="menu"
                                  aria-expanded={false}
                                  aria-controls={undefined}
                                  data-state="closed"
                                  data-disabled={undefined}
                                  disabled={false}
                                  onPointerDown={function handleEvent}
                                  onKeyDown={function handleEvent}
                                >
            ...
      ...
        <SegmentViewNode type="page" pagePath="dashboard/...">
          <SegmentTrieNode>
          <ClientPageRoot Component={function ContactsPage} searchParams={{}} params={{}}>
            <ContactsPage params={Promise} searchParams={Promise}>
              <div className="container ...">
                <div>
                <div>
                <Tabs value="all" onValueChange={function bound dispatchSetState}>
                  <TabsProvider scope={undefined} baseId="radix-_R_7..." value="all" ...>
                    <Primitive.div dir="ltr" data-orientation="horizontal" ref={null}>
                      <div dir="ltr" data-orientation="horizontal" ref={null}>
                        ...
                          <div role="tablist" aria-orientation="horizontal" className="inline-fle..." tabIndex={-1} ...>
                            ...
                              <Primitive.span.Slot tabIndex={-1} data-orientation="horizontal" ...>
                                <Primitive.span.SlotClone tabIndex={-1} data-orientation="horizontal" ...>
                                  <Primitive.button type="button" role="tab" aria-selected={true} ...>
                                    <button
                                      type="button"
                                      role="tab"
                                      aria-selected={true}
+                                     aria-controls="radix-_R_75esnesnelb_-content-all"
-                                     aria-controls="radix-_R_slritrknelb_-content-all"
                                      data-state="active"
                                      data-disabled={undefined}
                                      disabled={false}
+                                     id="radix-_R_75esnesnelb_-trigger-all"
-                                     id="radix-_R_slritrknelb_-trigger-all"
                                      className="inline-flex items-center justify-center whitespace-nowrap rounded-md ..."
                                      onMouseDown={function}
                                      onKeyDown={function}
                                      onFocus={function}
                                      tabIndex={-1}
                                      data-orientation="horizontal"
                                      data-radix-collection-item=""
                                      ref={function}
                                    >
                            ...
                              <Primitive.span.Slot tabIndex={-1} data-orientation="horizontal" ...>
                                <Primitive.span.SlotClone tabIndex={-1} data-orientation="horizontal" ...>
                                  <Primitive.button type="button" role="tab" aria-selected={false} ...>
                                    <button
                                      type="button"
                                      role="tab"
                                      aria-selected={false}
+                                     aria-controls="radix-_R_75esnesnelb_-content-favorites"
-                                     aria-controls="radix-_R_slritrknelb_-content-favorites"
                                      data-state="inactive"
                                      data-disabled={undefined}
                                      disabled={false}
+                                     id="radix-_R_75esnesnelb_-trigger-favorites"
-                                     id="radix-_R_slritrknelb_-trigger-favorites"
                                      className="inline-flex items-center justify-center whitespace-nowrap rounded-md ..."
                                      onMouseDown={function}
                                      onKeyDown={function}
                                      onFocus={function}
                                      tabIndex={-1}
                                      data-orientation="horizontal"
                                      data-radix-collection-item=""
                                      ref={function}
                                    >
                            ...
                              <Primitive.span.Slot tabIndex={-1} data-orientation="horizontal" ...>
                                <Primitive.span.SlotClone tabIndex={-1} data-orientation="horizontal" ...>
                                  <Primitive.button type="button" role="tab" aria-selected={false} ...>
                                    <button
                                      type="button"
                                      role="tab"
                                      aria-selected={false}
+                                     aria-controls="radix-_R_75esnesnelb_-content-uncategorized"
-                                     aria-controls="radix-_R_slritrknelb_-content-uncategorized"
                                      data-state="inactive"
                                      data-disabled={undefined}
                                      disabled={false}
+                                     id="radix-_R_75esnesnelb_-trigger-uncategorized"
-                                     id="radix-_R_slritrknelb_-trigger-uncategorized"
                                      className="inline-flex items-center justify-center whitespace-nowrap rounded-md ..."
                                      onMouseDown={function}
                                      onKeyDown={function}
                                      onFocus={function}
                                      tabIndex={-1}
                                      data-orientation="horizontal"
                                      data-radix-collection-item=""
                                      ref={function}
                                    >
                        <_c4 value="all" className="space-y-6 ...">
                          <TabsContent ref={null} className="ring-offse..." value="all">
                            <Presence present={true}>
                              <Primitive.div data-state="active" data-orientation="horizontal" role="tabpanel" ...>
                                <div
                                  data-state="active"
                                  data-orientation="horizontal"
                                  role="tabpanel"
+                                 aria-labelledby="radix-_R_75esnesnelb_-trigger-all"
-                                 aria-labelledby="radix-_R_slritrknelb_-trigger-all"
                                  hidden={false}
+                                 id="radix-_R_75esnesnelb_-content-all"
-                                 id="radix-_R_slritrknelb_-content-all"
                                  tabIndex={0}
                                  className="ring-offset-background focus-visible:outline-none focus-visible:ring-2 fo..."
                                  style={{animationDuration:"0s"}}
                                  ref={function}
                                >
                ...
 @ http://localhost:3000/_next/static/chunks/node_modules_next_dist_b0daae9a._.js:2359
